2023-10-15 20:26:25.274 [main] INFO  com.ycbd.photoservice.PhotoServiceApplication - Starting PhotoServiceApplication using Java 17.0.7 on ycbddeMacBook-Air.local with PID 15029 (/Users/ycbd/work/photo/target/classes started by ycbd in /Users/ycbd/work/photo)
2023-10-15 20:26:25.277 [main] INFO  com.ycbd.photoservice.PhotoServiceApplication - No active profile set, falling back to 1 default profile: "default"
2023-10-15 20:26:25.922 [main] INFO  o.s.boot.web.embedded.tomcat.TomcatWebServer - Tomcat initialized with port(s): 8080 (http)
2023-10-15 20:26:25.927 [main] INFO  org.apache.coyote.http11.Http11NioProtocol - Initializing ProtocolHandler ["http-nio-8080"]
2023-10-15 20:26:25.927 [main] INFO  org.apache.catalina.core.StandardService - Starting service [Tomcat]
2023-10-15 20:26:25.927 [main] INFO  org.apache.catalina.core.StandardEngine - Starting Servlet engine: [Apache Tomcat/9.0.65]
2023-10-15 20:26:25.978 [main] INFO  o.a.c.core.ContainerBase.[Tomcat].[localhost].[/] - Initializing Spring embedded WebApplicationContext
2023-10-15 20:26:25.978 [main] INFO  o.s.b.w.s.c.ServletWebServerApplicationContext - Root WebApplicationContext: initialization completed in 671 ms
2023-10-15 20:26:26.162 [main] INFO  org.quartz.impl.StdSchedulerFactory - Using default implementation for ThreadExecutor
2023-10-15 20:26:26.168 [main] INFO  org.quartz.core.SchedulerSignalerImpl - Initialized Scheduler Signaller of type: class org.quartz.core.SchedulerSignalerImpl
2023-10-15 20:26:26.169 [main] INFO  org.quartz.core.QuartzScheduler - Quartz Scheduler v.2.3.2 created.
2023-10-15 20:26:26.169 [main] INFO  org.quartz.simpl.RAMJobStore - RAMJobStore initialized.
2023-10-15 20:26:26.169 [main] INFO  org.quartz.core.QuartzScheduler - Scheduler meta-data: Quartz Scheduler (v2.3.2) 'quartzScheduler' with instanceId 'NON_CLUSTERED'
  Scheduler class: 'org.quartz.core.QuartzScheduler' - running locally.
  NOT STARTED.
  Currently in standby mode.
  Number of jobs executed: 0
  Using thread pool 'org.quartz.simpl.SimpleThreadPool' - with 10 threads.
  Using job-store 'org.quartz.simpl.RAMJobStore' - which does not support persistence. and is not clustered.

2023-10-15 20:26:26.169 [main] INFO  org.quartz.impl.StdSchedulerFactory - Quartz scheduler 'quartzScheduler' initialized from an externally provided properties instance.
2023-10-15 20:26:26.169 [main] INFO  org.quartz.impl.StdSchedulerFactory - Quartz scheduler version: 2.3.2
2023-10-15 20:26:26.170 [main] INFO  org.quartz.core.QuartzScheduler - JobFactory set to: org.springframework.scheduling.quartz.SpringBeanJobFactory@6793f752
2023-10-15 20:26:26.456 [main] WARN  o.s.b.a.freemarker.FreeMarkerAutoConfiguration - Cannot find template location(s): [classpath:/templates/] (please add some templates, check your FreeMarker configuration, or set spring.freemarker.check-template-location=false)
2023-10-15 20:26:26.489 [main] INFO  org.apache.coyote.http11.Http11NioProtocol - Starting ProtocolHandler ["http-nio-8080"]
2023-10-15 20:26:26.527 [main] INFO  o.s.boot.web.embedded.tomcat.TomcatWebServer - Tomcat started on port(s): 8080 (http) with context path ''
2023-10-15 20:26:26.670 [main] INFO  o.s.scheduling.quartz.SchedulerFactoryBean - Starting Quartz Scheduler now
2023-10-15 20:26:26.670 [main] INFO  org.quartz.core.QuartzScheduler - Scheduler quartzScheduler_$_NON_CLUSTERED started.
2023-10-15 20:26:26.677 [main] INFO  com.ycbd.photoservice.PhotoServiceApplication - Started PhotoServiceApplication in 1.89 seconds (JVM running for 2.326)
2023-10-15 20:27:16.216 [http-nio-8080-exec-1] INFO  o.a.c.core.ContainerBase.[Tomcat].[localhost].[/] - Initializing Spring DispatcherServlet 'dispatcherServlet'
2023-10-15 20:27:16.217 [http-nio-8080-exec-1] INFO  org.springframework.web.servlet.DispatcherServlet - Initializing Servlet 'dispatcherServlet'
2023-10-15 20:27:16.220 [http-nio-8080-exec-1] INFO  org.springframework.web.servlet.DispatcherServlet - Completed initialization in 3 ms
2023-10-15 20:57:15.424 [http-nio-8080-exec-1] INFO  com.zaxxer.hikari.HikariDataSource - HikariPool-1 - Starting...
2023-10-15 20:57:18.228 [http-nio-8080-exec-1] INFO  com.zaxxer.hikari.HikariDataSource - HikariPool-1 - Start completed.
